Performance Statistics   2015-04-24 16:48:10 - 2015-04-24 16:48:20
Tag                                                  Avg(ms)         Min         Max     Std Dev       Count
firstBlock                                             990.0         990         990         0.0           1

Performance Statistics   2015-04-24 16:48:20 - 2015-04-24 16:48:30
Tag                                                  Avg(ms)         Min         Max     Std Dev       Count
firstBlock                                             563.6          56         928       301.0           8
secondBlock                                            644.5         177        1777       451.9           8

Performance Statistics   2015-04-24 16:48:30 - 2015-04-24 16:48:40
Tag                                                  Avg(ms)         Min         Max     Std Dev       Count
firstBlock                                             365.6          58         809       291.8           7
secondBlock                                            993.9         443        1619       333.0           8

Performance Statistics   2015-04-24 16:48:40 - 2015-04-24 16:48:50
Tag                                                  Avg(ms)         Min         Max     Std Dev       Count
firstBlock                                             623.6         445         872       186.1           5
secondBlock                                           1268.0         442        1775       496.3           5

Performance Statistics   2015-04-24 16:48:50 - 2015-04-24 16:49:00
Tag                                                  Avg(ms)         Min         Max     Std Dev       Count
firstBlock                                             512.2         151         962       349.6           5
secondBlock                                           1481.6         997        1753       261.0           5

Performance Statistics   2015-04-24 16:49:00 - 2015-04-24 16:49:10
Tag                                                  Avg(ms)         Min         Max     Std Dev       Count
firstBlock                                             538.0          17         910       274.5           7
secondBlock                                            875.0          83        1649       523.4           7

Performance Statistics   2015-04-24 16:49:10 - 2015-04-24 16:49:20
Tag                                                  Avg(ms)         Min         Max     Std Dev       Count
firstBlock                                             434.0          73         985       342.6           6
secondBlock                                            952.4         105        1788       589.5           5

Performance Statistics   2015-04-24 16:50:20 - 2015-04-24 16:50:30
Tag                                                  Avg(ms)         Min         Max     Std Dev       Count
firstBlock                                             563.3         215         851       238.0           4
secondBlock                                            641.5         253        1228       375.3           4

Performance Statistics   2015-04-24 16:50:30 - 2015-04-24 16:50:40
Tag                                                  Avg(ms)         Min         Max     Std Dev       Count
firstBlock                                             428.1          86         933       316.8           8
secondBlock                                            888.5          52        1429       516.2           8

Performance Statistics   2015-04-24 16:50:40 - 2015-04-24 16:50:50
Tag                                                  Avg(ms)         Min         Max     Std Dev       Count
firstBlock                                             533.5          73         955       263.2           6
secondBlock                                           1211.0         128        1909       587.4           5

Performance Statistics   2015-04-24 16:50:50 - 2015-04-24 16:51:00
Tag                                                  Avg(ms)         Min         Max     Std Dev       Count
firstBlock                                             527.6         162         960       267.5           7
secondBlock                                            863.5         130        1668       554.3           8

Performance Statistics   2015-04-24 16:51:00 - 2015-04-24 16:51:10
Tag                                                  Avg(ms)         Min         Max     Std Dev       Count
firstBlock                                             440.4          70         999       278.0           7
secondBlock                                           1082.7         189        1829       574.0           6

Performance Statistics   2015-04-24 16:51:10 - 2015-04-24 16:51:20
Tag                                                  Avg(ms)         Min         Max     Std Dev       Count
firstBlock                                             701.8         460         899       142.7           5
secondBlock                                           1073.7          71        1976       633.6           6

Performance Statistics   2015-04-24 16:51:20 - 2015-04-24 16:51:30
Tag                                                  Avg(ms)         Min         Max     Std Dev       Count
firstBlock                                             405.8         127         687       235.9           5
secondBlock                                           1429.3         630        1810       467.8           4

Performance Statistics   2015-04-24 16:51:30 - 2015-04-24 16:51:40
Tag                                                  Avg(ms)         Min         Max     Std Dev       Count
firstBlock                                            1004.3        1004        1005         0.4           4
secondBlock                                           2004.0        2004        2004         0.0           3

Performance Statistics   2015-04-24 16:51:40 - 2015-04-24 16:51:50
Tag                                                  Avg(ms)         Min         Max     Std Dev       Count
firstBlock                                            1004.0        1004        1004         0.0           3
secondBlock                                           2003.8        2003        2004         0.4           4

Performance Statistics   2015-04-24 16:51:50 - 2015-04-24 16:52:00
Tag                                                  Avg(ms)         Min         Max     Std Dev       Count
firstBlock                                            1003.7        1002        1005         1.2           3
secondBlock                                           2002.0        2001        2003         0.8           3

Performance Statistics   2015-04-24 16:52:00 - 2015-04-24 16:52:10
Tag                                                  Avg(ms)         Min         Max     Std Dev       Count
firstBlock                                            1003.5        1003        1004         0.5           4
secondBlock                                           2004.0        2004        2004         0.0           3

Performance Statistics   2015-04-24 16:52:10 - 2015-04-24 16:52:20
Tag                                                  Avg(ms)         Min         Max     Std Dev       Count
firstBlock                                            1003.7        1002        1005         1.2           3
secondBlock                                           2003.3        2002        2004         0.8           4

Performance Statistics   2015-04-24 16:52:20 - 2015-04-24 16:52:30
Tag                                                  Avg(ms)         Min         Max     Std Dev       Count
firstBlock                                            1004.0        1003        1005         0.8           3
secondBlock                                           2004.0        2004        2004         0.0           3

Performance Statistics   2015-04-24 16:52:30 - 2015-04-24 16:52:40
Tag                                                  Avg(ms)         Min         Max     Std Dev       Count
firstBlock                                            1002.0        1002        1002         0.0           1

Performance Statistics   2015-04-24 16:52:30 - 2015-04-24 16:52:40
Tag                                                  Avg(ms)         Min         Max     Std Dev       Count
firstBlock                                             502.5           0        1005       502.5           4
secondBlock                                           2003.0        2003        2003         0.0           2

Performance Statistics   2015-04-24 16:52:40 - 2015-04-24 16:52:50
Tag                                                  Avg(ms)         Min         Max     Std Dev       Count
firstBlock                                             574.0           0        1005       497.1           7
secondBlock                                           2003.7        2003        2004         0.5           3

Performance Statistics   2015-04-24 16:52:50 - 2015-04-24 16:53:00
Tag                                                  Avg(ms)         Min         Max     Std Dev       Count
firstBlock                                             430.3           0        1004       496.9           7
secondBlock                                           2006.0        2001        2017         6.4           4

Performance Statistics   2015-04-24 16:53:00 - 2015-04-24 16:53:10
Tag                                                  Avg(ms)         Min         Max     Std Dev       Count
firstBlock                                             502.0           0        1005       502.0           6
secondBlock                                           2003.7        2003        2004         0.5           3

Performance Statistics   2015-04-24 16:53:10 - 2015-04-24 16:53:20
Tag                                                  Avg(ms)         Min         Max     Std Dev       Count
firstBlock                                             573.9           0        1005       497.0           7
secondBlock                                           2004.3        2004        2005         0.5           3

Performance Statistics   2015-04-24 16:53:20 - 2015-04-24 16:53:30
Tag                                                  Avg(ms)         Min         Max     Std Dev       Count
firstBlock                                             430.1           0        1004       496.7           7
secondBlock                                           2003.8        2003        2004         0.4           4

Performance Statistics   2015-04-24 16:53:30 - 2015-04-24 16:53:40
Tag                                                  Avg(ms)         Min         Max     Std Dev       Count
firstBlock                                             501.7           0        1004       501.7           6
secondBlock                                           2003.7        2003        2004         0.5           3

Performance Statistics   2015-04-24 16:53:40 - 2015-04-24 16:53:50
Tag                                                  Avg(ms)         Min         Max     Std Dev       Count
firstBlock                                             501.8           0        1004       501.8           4
secondBlock                                           2002.0        2002        2002         0.0           1

Performance Statistics   2015-04-24 16:53:40 - 2015-04-24 16:53:50
Tag                                                  Avg(ms)         Min         Max     Std Dev       Count
firstBlock                                            1001.0        1001        1001         0.0           1
secondBlock                                           2003.0        2003        2003         0.0           1

Performance Statistics   2015-04-24 16:53:50 - 2015-04-24 16:54:00
Tag                                                  Avg(ms)         Min         Max     Std Dev       Count
firstBlock                                            1003.3        1001        1005         1.7           3
secondBlock                                           2004.0        2004        2004         0.0           3

Performance Statistics   2015-04-24 16:54:00 - 2015-04-24 16:54:10
Tag                                                  Avg(ms)         Min         Max     Std Dev       Count
firstBlock                                            1004.0        1004        1004         0.0           3
secondBlock                                           2003.7        2003        2004         0.5           3

Performance Statistics   2015-04-24 16:54:10 - 2015-04-24 16:54:20
Tag                                                  Avg(ms)         Min         Max     Std Dev       Count
firstBlock                                            1004.0        1004        1004         0.0           4
secondBlock                                           2003.3        2003        2004         0.5           3

Performance Statistics   2015-04-24 16:54:20 - 2015-04-24 16:54:30
Tag                                                  Avg(ms)         Min         Max     Std Dev       Count
firstBlock                                            1004.0        1004        1004         0.0           3
secondBlock                                           2003.5        2002        2004         0.9           4

Performance Statistics   2015-04-24 16:54:30 - 2015-04-24 16:54:40
Tag                                                  Avg(ms)         Min         Max     Std Dev       Count
firstBlock                                            1003.0        1002        1004         0.8           3
secondBlock                                           2004.0        2004        2004         0.0           3

Performance Statistics   2015-04-24 16:54:40 - 2015-04-24 16:54:50
Tag                                                  Avg(ms)         Min         Max     Std Dev       Count
firstBlock                                            1004.0        1004        1004         0.0           4
secondBlock                                           2003.0        2001        2004         1.4           3

Performance Statistics   2015-04-24 16:54:50 - 2015-04-24 16:55:00
Tag                                                  Avg(ms)         Min         Max     Std Dev       Count
firstBlock                                            1003.7        1003        1004         0.5           3
secondBlock                                           2004.0        2004        2004         0.0           4

Performance Statistics   2015-04-24 16:55:00 - 2015-04-24 16:55:10
Tag                                                  Avg(ms)         Min         Max     Std Dev       Count
firstBlock                                            1004.0        1004        1004         0.0           3
secondBlock                                           2002.7        2001        2004         1.2           3

Performance Statistics   2015-04-24 16:55:10 - 2015-04-24 16:55:20
Tag                                                  Avg(ms)         Min         Max     Std Dev       Count
firstBlock                                            1004.0        1004        1004         0.0           4
secondBlock                                           2004.3        2004        2005         0.5           3

Performance Statistics   2015-04-24 16:55:20 - 2015-04-24 16:55:30
Tag                                                  Avg(ms)         Min         Max     Std Dev       Count
firstBlock                                            1004.0        1004        1004         0.0           1
secondBlock                                           2004.0        2004        2004         0.0           1

Performance Statistics   2015-04-24 16:55:20 - 2015-04-24 16:55:30
Tag                                                  Avg(ms)         Min         Max     Std Dev       Count
firstBlock                                            1004.0        1004        1004         0.0           2
secondBlock                                           2004.0        2004        2004         0.0           2

Performance Statistics   2015-04-24 16:55:30 - 2015-04-24 16:55:40
Tag                                                  Avg(ms)         Min         Max     Std Dev       Count
firstBlock                                            1004.0        1004        1004         0.0           3
secondBlock                                           2003.3        2003        2004         0.5           3

Performance Statistics   2015-04-24 16:55:40 - 2015-04-24 16:55:50
Tag                                                  Avg(ms)         Min         Max     Std Dev       Count
firstBlock                                            1003.5        1001        1005         1.5           4
secondBlock                                           2003.7        2003        2004         0.5           3

Performance Statistics   2015-04-24 16:55:50 - 2015-04-24 16:56:00
Tag                                                  Avg(ms)         Min         Max     Std Dev       Count
firstBlock                                            1004.0        1004        1004         0.0           3
secondBlock                                           2002.8        2001        2004         1.1           4

Performance Statistics   2015-04-24 16:56:00 - 2015-04-24 16:56:10
Tag                                                  Avg(ms)         Min         Max     Std Dev       Count
firstBlock                                            1003.0        1002        1004         0.8           3
secondBlock                                           2003.7        2003        2004         0.5           3

Performance Statistics   2015-04-24 16:56:10 - 2015-04-24 16:56:20
Tag                                                  Avg(ms)         Min         Max     Std Dev       Count
firstBlock                                            1003.8        1003        1004         0.4           4
secondBlock                                           2002.7        2001        2004         1.2           3

Performance Statistics   2015-04-24 16:56:20 - 2015-04-24 16:56:30
Tag                                                  Avg(ms)         Min         Max     Std Dev       Count
firstBlock                                            1005.3        1004        1008         1.9           3
secondBlock                                           2003.5        2003        2004         0.5           4

Performance Statistics   2015-04-24 16:56:30 - 2015-04-24 16:56:40
Tag                                                  Avg(ms)         Min         Max     Std Dev       Count
firstBlock                                            1003.7        1003        1004         0.5           3
secondBlock                                           2004.0        2003        2005         0.8           3

Performance Statistics   2015-04-24 16:56:40 - 2015-04-24 16:56:50
Tag                                                  Avg(ms)         Min         Max     Std Dev       Count
firstBlock                                            1003.5        1003        1004         0.5           4
secondBlock                                           2003.3        2002        2004         0.9           3

Performance Statistics   2015-04-24 16:56:50 - 2015-04-24 16:57:00
Tag                                                  Avg(ms)         Min         Max     Std Dev       Count
firstBlock                                            1005.0        1005        1005         0.0           3
secondBlock                                           2003.3        2002        2004         0.8           4

Performance Statistics   2015-04-24 16:57:00 - 2015-04-24 16:57:10
Tag                                                  Avg(ms)         Min         Max     Std Dev       Count
firstBlock                                            1004.0        1003        1005         0.8           3
secondBlock                                           2002.0        2001        2004         1.4           3

Performance Statistics   2015-04-24 16:57:10 - 2015-04-24 16:57:20
Tag                                                  Avg(ms)         Min         Max     Std Dev       Count
firstBlock                                            1001.3        1000        1004         1.6           4
secondBlock                                           2003.0        2002        2004         0.8           3

Performance Statistics   2015-04-24 16:57:20 - 2015-04-24 16:57:30
Tag                                                  Avg(ms)         Min         Max     Std Dev       Count
firstBlock                                            1002.0        1001        1003         0.8           3
secondBlock                                           2002.8        2002        2005         1.3           4

Performance Statistics   2015-04-24 16:57:30 - 2015-04-24 16:57:40
Tag                                                  Avg(ms)         Min         Max     Std Dev       Count
firstBlock                                            1003.0        1001        1004         1.4           3
secondBlock                                           2002.7        2002        2004         0.9           3

Performance Statistics   2015-04-24 16:57:40 - 2015-04-24 16:57:50
Tag                                                  Avg(ms)         Min         Max     Std Dev       Count
firstBlock                                            1004.0        1003        1005         1.0           4
secondBlock                                           2002.0        2001        2003         0.8           3

Performance Statistics   2015-04-24 16:57:50 - 2015-04-24 16:58:00
Tag                                                  Avg(ms)         Min         Max     Std Dev       Count
firstBlock                                            1004.0        1004        1004         0.0           1
secondBlock                                           2002.5        2002        2003         0.5           2

Performance Statistics   2015-04-24 17:02:10 - 2015-04-24 17:02:20
Tag                                                  Avg(ms)         Min         Max     Std Dev       Count
firstBlock                                            1004.7        1004        1006         0.9           3
secondBlock                                           2004.0        2003        2005         1.0           2

Performance Statistics   2015-04-24 17:02:20 - 2015-04-24 17:02:30
Tag                                                  Avg(ms)         Min         Max     Std Dev       Count
firstBlock                                            1004.0        1004        1004         0.0           3
secondBlock                                           2002.3        2000        2004         1.5           4

Performance Statistics   2015-04-24 17:02:30 - 2015-04-24 17:02:40
Tag                                                  Avg(ms)         Min         Max     Std Dev       Count
firstBlock                                            1002.3        1000        1004         1.7           3
secondBlock                                           2003.7        2003        2004         0.5           3

Performance Statistics   2015-04-24 17:02:40 - 2015-04-24 17:02:50
Tag                                                  Avg(ms)         Min         Max     Std Dev       Count
firstBlock                                            1003.3        1002        1004         0.8           4
secondBlock                                           2002.7        2001        2004         1.2           3

Performance Statistics   2015-04-24 17:02:50 - 2015-04-24 17:03:00
Tag                                                  Avg(ms)         Min         Max     Std Dev       Count
firstBlock                                            1004.0        1004        1004         0.0           3
secondBlock                                           2003.3        2002        2004         0.8           4

Performance Statistics   2015-04-24 17:03:00 - 2015-04-24 17:03:10
Tag                                                  Avg(ms)         Min         Max     Std Dev       Count
firstBlock                                            1004.0        1004        1004         0.0           3
secondBlock                                           2004.0        2004        2004         0.0           3

Performance Statistics   2015-04-24 17:03:10 - 2015-04-24 17:03:20
Tag                                                  Avg(ms)         Min         Max     Std Dev       Count
firstBlock                                            1003.8        1003        1004         0.4           4
secondBlock                                           2002.7        2002        2003         0.5           3

Performance Statistics   2015-04-24 17:03:20 - 2015-04-24 17:03:30
Tag                                                  Avg(ms)         Min         Max     Std Dev       Count
firstBlock                                            1003.7        1003        1004         0.5           3
secondBlock                                           2003.3        2002        2004         0.8           4

Performance Statistics   2015-04-24 17:03:30 - 2015-04-24 17:03:40
Tag                                                  Avg(ms)         Min         Max     Std Dev       Count
firstBlock                                            1003.7        1003        1004         0.5           3
secondBlock                                           2002.7        2002        2004         0.9           3

Performance Statistics   2015-04-24 17:03:40 - 2015-04-24 17:03:50
Tag                                                  Avg(ms)         Min         Max     Std Dev       Count
firstBlock                                            1003.3        1000        1005         1.9           4
secondBlock                                           2003.7        2003        2004         0.5           3

Performance Statistics   2015-04-24 17:03:50 - 2015-04-24 17:04:00
Tag                                                  Avg(ms)         Min         Max     Std Dev       Count
firstBlock                                            1003.7        1003        1004         0.5           3
secondBlock                                           2004.3        2004        2005         0.4           4

Performance Statistics   2015-04-24 17:04:00 - 2015-04-24 17:04:10
Tag                                                  Avg(ms)         Min         Max     Std Dev       Count
firstBlock                                            1002.7        1002        1003         0.5           3
secondBlock                                           2003.3        2003        2004         0.5           3

Performance Statistics   2015-04-24 17:04:10 - 2015-04-24 17:04:20
Tag                                                  Avg(ms)         Min         Max     Std Dev       Count
firstBlock                                            1004.5        1004        1005         0.5           4
secondBlock                                           2004.0        2004        2004         0.0           3

Performance Statistics   2015-04-24 17:04:20 - 2015-04-24 17:04:30
Tag                                                  Avg(ms)         Min         Max     Std Dev       Count
firstBlock                                            1003.3        1001        1005         1.7           3
secondBlock                                           2003.8        2003        2004         0.4           4

Performance Statistics   2015-04-24 17:04:30 - 2015-04-24 17:04:40
Tag                                                  Avg(ms)         Min         Max     Std Dev       Count
firstBlock                                            1003.7        1003        1004         0.5           3
secondBlock                                           2003.7        2003        2004         0.5           3

Performance Statistics   2015-04-24 17:04:40 - 2015-04-24 17:04:50
Tag                                                  Avg(ms)         Min         Max     Std Dev       Count
firstBlock                                            1004.0        1004        1004         0.0           1
secondBlock                                           2004.0        2004        2004         0.0           1

Performance Statistics   2015-04-24 17:27:10 - 2015-04-24 17:27:20
Tag                                                  Avg(ms)         Min         Max     Std Dev       Count
firstBlock                                            1004.0        1004        1004         0.0           3
secondBlock                                           2003.0        2003        2003         0.0           3

Performance Statistics   2015-04-24 17:27:20 - 2015-04-24 17:27:30
Tag                                                  Avg(ms)         Min         Max     Std Dev       Count
firstBlock                                            1003.5        1002        1005         1.1           4
secondBlock                                           2003.0        2002        2004         0.8           3

Performance Statistics   2015-04-24 17:27:30 - 2015-04-24 17:27:40
Tag                                                  Avg(ms)         Min         Max     Std Dev       Count
firstBlock                                            1002.7        1001        1004         1.2           3
secondBlock                                           2003.8        2003        2004         0.4           4

Performance Statistics   2015-04-24 17:27:40 - 2015-04-24 17:27:50
Tag                                                  Avg(ms)         Min         Max     Std Dev       Count
firstBlock                                            1004.0        1003        1005         0.8           3
secondBlock                                           2004.0        2004        2004         0.0           3

Performance Statistics   2015-04-24 17:27:50 - 2015-04-24 17:28:00
Tag                                                  Avg(ms)         Min         Max     Std Dev       Count
firstBlock                                            1004.0        1004        1004         0.0           4
secondBlock                                           2003.7        2003        2004         0.5           3

Performance Statistics   2015-04-24 17:28:00 - 2015-04-24 17:28:10
Tag                                                  Avg(ms)         Min         Max     Std Dev       Count
firstBlock                                            1004.0        1004        1004         0.0           3
secondBlock                                           2002.0        2001        2003         0.7           4

Performance Statistics   2015-04-24 17:28:10 - 2015-04-24 17:28:20
Tag                                                  Avg(ms)         Min         Max     Std Dev       Count
firstBlock                                            1004.0        1003        1005         0.8           3
secondBlock                                           2004.0        2003        2005         0.8           3

Performance Statistics   2015-04-24 17:28:20 - 2015-04-24 17:28:30
Tag                                                  Avg(ms)         Min         Max     Std Dev       Count
firstBlock                                            1004.0        1004        1004         0.0           4
secondBlock                                           2002.7        2000        2004         1.9           3

Performance Statistics   2015-04-24 17:28:30 - 2015-04-24 17:28:40
Tag                                                  Avg(ms)         Min         Max     Std Dev       Count
firstBlock                                            1004.3        1004        1005         0.5           3
secondBlock                                           2003.5        2003        2004         0.5           4

Performance Statistics   2015-04-24 17:28:40 - 2015-04-24 17:28:50
Tag                                                  Avg(ms)         Min         Max     Std Dev       Count
firstBlock                                            1003.0        1003        1003         0.0           3
secondBlock                                           2004.0        2004        2004         0.0           3

Performance Statistics   2015-04-24 17:28:50 - 2015-04-24 17:29:00
Tag                                                  Avg(ms)         Min         Max     Std Dev       Count
firstBlock                                            1003.3        1002        1005         1.3           4
secondBlock                                           2004.3        2004        2005         0.5           3

Performance Statistics   2015-04-24 17:29:00 - 2015-04-24 17:29:10
Tag                                                  Avg(ms)         Min         Max     Std Dev       Count
firstBlock                                            1004.0        1003        1005         0.8           3
secondBlock                                           2004.3        2004        2005         0.5           3

Performance Statistics   2015-04-24 17:29:10 - 2015-04-24 17:29:20
Tag                                                  Avg(ms)         Min         Max     Std Dev       Count
firstBlock                                            1003.0        1001        1004         1.4           3
secondBlock                                           2003.8        2003        2004         0.4           4

Performance Statistics   2015-04-24 17:29:20 - 2015-04-24 17:29:30
Tag                                                  Avg(ms)         Min         Max     Std Dev       Count
firstBlock                                            1005.0        1005        1005         0.0           1
secondBlock                                           2003.0        2003        2003         0.0           1

Performance Statistics   2015-04-24 17:29:30 - 2015-04-24 17:29:40
Tag                                                  Avg(ms)         Min         Max     Std Dev       Count
firstBlock                                            1005.0        1005        1005         0.0           1

Performance Statistics   2015-04-24 17:29:40 - 2015-04-24 17:29:50
Tag                                                  Avg(ms)         Min         Max     Std Dev       Count
firstBlock                                            1003.3        1003        1004         0.5           3
secondBlock                                           2003.5        2002        2004         0.9           4

Performance Statistics   2015-04-24 17:29:50 - 2015-04-24 17:30:00
Tag                                                  Avg(ms)         Min         Max     Std Dev       Count
firstBlock                                            1004.3        1003        1005         0.9           3
secondBlock                                           2003.7        2003        2004         0.5           3

Performance Statistics   2015-04-24 17:30:00 - 2015-04-24 17:30:10
Tag                                                  Avg(ms)         Min         Max     Std Dev       Count
firstBlock                                            1003.5        1003        1004         0.5           4
secondBlock                                           2002.3        2002        2003         0.5           3

Performance Statistics   2015-04-24 17:30:10 - 2015-04-24 17:30:20
Tag                                                  Avg(ms)         Min         Max     Std Dev       Count
firstBlock                                            1003.3        1002        1004         0.9           3
secondBlock                                           2003.8        2003        2004         0.4           4

Performance Statistics   2015-04-24 17:30:20 - 2015-04-24 17:30:30
Tag                                                  Avg(ms)         Min         Max     Std Dev       Count
firstBlock                                            1004.0        1004        1004         0.0           3
secondBlock                                           2004.0        2004        2004         0.0           3

Performance Statistics   2015-04-24 17:30:30 - 2015-04-24 17:30:40
Tag                                                  Avg(ms)         Min         Max     Std Dev       Count
firstBlock                                            1003.7        1003        1004         0.5           3
secondBlock                                           2002.7        2001        2004         1.2           3

Performance Statistics   2015-04-24 17:30:40 - 2015-04-24 17:30:50
Tag                                                  Avg(ms)         Min         Max     Std Dev       Count
firstBlock                                            1004.0        1003        1005         0.7           4
secondBlock                                           2003.3        2003        2004         0.5           3

Performance Statistics   2015-04-24 17:30:50 - 2015-04-24 17:31:00
Tag                                                  Avg(ms)         Min         Max     Std Dev       Count
firstBlock                                            1004.3        1004        1005         0.5           3
secondBlock                                           2003.5        2003        2004         0.5           4

Performance Statistics   2015-04-24 17:31:00 - 2015-04-24 17:31:10
Tag                                                  Avg(ms)         Min         Max     Std Dev       Count
firstBlock                                            1003.7        1003        1004         0.5           3
secondBlock                                           2003.7        2003        2004         0.5           3

Performance Statistics   2015-04-24 17:31:10 - 2015-04-24 17:31:20
Tag                                                  Avg(ms)         Min         Max     Std Dev       Count
firstBlock                                            1003.3        1002        1004         0.8           4
secondBlock                                           2004.0        2004        2004         0.0           3

Performance Statistics   2015-04-24 17:31:20 - 2015-04-24 17:31:30
Tag                                                  Avg(ms)         Min         Max     Std Dev       Count
firstBlock                                            1004.0        1004        1004         0.0           3
secondBlock                                           2003.3        2002        2004         0.8           4

Performance Statistics   2015-04-24 17:31:30 - 2015-04-24 17:31:40
Tag                                                  Avg(ms)         Min         Max     Std Dev       Count
firstBlock                                            1003.3        1002        1004         0.9           3
secondBlock                                           2003.7        2003        2004         0.5           3

Performance Statistics   2015-04-24 17:31:40 - 2015-04-24 17:31:50
Tag                                                  Avg(ms)         Min         Max     Std Dev       Count
firstBlock                                            1001.8        1000        1004         1.5           4
secondBlock                                           2003.3        2002        2004         0.9           3

Performance Statistics   2015-04-24 17:31:50 - 2015-04-24 17:32:00
Tag                                                  Avg(ms)         Min         Max     Std Dev       Count
firstBlock                                            1002.7        1001        1004         1.2           3
secondBlock                                           2003.5        2001        2005         1.5           4

Performance Statistics   2015-04-24 17:32:00 - 2015-04-24 17:32:10
Tag                                                  Avg(ms)         Min         Max     Std Dev       Count
firstBlock                                            1003.3        1002        1004         0.9           3
secondBlock                                           2002.7        2001        2004         1.2           3

